<?xml version="1.0" encoding="UTF-8"?>
<!-- Generated by org.testng.reporters.JUnitReportReporter -->
<testsuite skipped="0" hostname="PVANDANA-L-1037" name="TestngDemo" tests="1" failures="0" timestamp="16 Oct 2017 12:53:10 GMT" time="0.011" errors="0">
  <testcase name="testngdemo1" time="0.011" classname="TestngDemo"/>
</testsuite> <!-- TestngDemo -->
